生成启动时间为 2012/7/29 19:33:40。
     1>项目“C:\Users\zacks\Desktop\花旗杯\huaqirbf-LiWei\rbf\rbf\rbf.vcxproj”在节点 2 上(build 个目标)。
     1>PrepareForBuild:
         正在创建目录“C:\Users\zacks\Desktop\花旗杯\huaqirbf-LiWei\rbf\Debug\”。
       InitializeBuildStatus:
         正在创建“Debug\rbf.unsuccessfulbuild”，因为已指定“AlwaysCreate”。
       ClCompile:
         D:\tools\Microsoft Visual Studio 10.0\VC\bin\CL.exe /c /ZI /nologo /W3 /WX- /Od /Oy- /D WIN32 /D _DEBUG /D _CONSOLE /D _UNICODE /D UNICODE /Gm /EHsc /RTC1 /MDd /GS /fp:precise /Zc:wchar_t /Zc:forScope /Fo"Debug\\" /Fd"Debug\vc100.pdb" /Gd /TP /analyze- /errorReport:prompt rbf.cpp
         rbf.cpp
     1>c:\users\zacks\desktop\花旗杯\huaqirbf-liwei\rbf\rbf\rbf.cpp(142): warning C4996: 'fscanf': This function or variable may be unsafe. Consider using fscanf_s instead. To disable deprecation, use _CRT_SECURE_NO_WARNINGS. See online help for details.
                 d:\tools\microsoft visual studio 10.0\vc\include\stdio.h(253) : 参见“fscanf”的声明
     1>c:\users\zacks\desktop\花旗杯\huaqirbf-liwei\rbf\rbf\rbf.cpp(145): warning C4996: 'fscanf': This function or variable may be unsafe. Consider using fscanf_s instead. To disable deprecation, use _CRT_SECURE_NO_WARNINGS. See online help for details.
                 d:\tools\microsoft visual studio 10.0\vc\include\stdio.h(253) : 参见“fscanf”的声明
     1>c:\users\zacks\desktop\花旗杯\huaqirbf-liwei\rbf\rbf\rbf.cpp(157): warning C4996: 'fopen': This function or variable may be unsafe. Consider using fopen_s instead. To disable deprecation, use _CRT_SECURE_NO_WARNINGS. See online help for details.
                 d:\tools\microsoft visual studio 10.0\vc\include\stdio.h(234) : 参见“fopen”的声明
     1>c:\users\zacks\desktop\花旗杯\huaqirbf-liwei\rbf\rbf\rbf.cpp(266): warning C4996: 'fopen': This function or variable may be unsafe. Consider using fopen_s instead. To disable deprecation, use _CRT_SECURE_NO_WARNINGS. See online help for details.
                 d:\tools\microsoft visual studio 10.0\vc\include\stdio.h(234) : 参见“fopen”的声明
     1>c:\users\zacks\desktop\花旗杯\huaqirbf-liwei\rbf\rbf\rbf.cpp(277): warning C4996: 'fscanf': This function or variable may be unsafe. Consider using fscanf_s instead. To disable deprecation, use _CRT_SECURE_NO_WARNINGS. See online help for details.
                 d:\tools\microsoft visual studio 10.0\vc\include\stdio.h(253) : 参见“fscanf”的声明
     1>c:\users\zacks\desktop\花旗杯\huaqirbf-liwei\rbf\rbf\rbf.cpp(294): warning C4996: 'fscanf': This function or variable may be unsafe. Consider using fscanf_s instead. To disable deprecation, use _CRT_SECURE_NO_WARNINGS. See online help for details.
                 d:\tools\microsoft visual studio 10.0\vc\include\stdio.h(253) : 参见“fscanf”的声明
     1>c:\users\zacks\desktop\花旗杯\huaqirbf-liwei\rbf\rbf\rbf.cpp(328): warning C4996: 'fscanf': This function or variable may be unsafe. Consider using fscanf_s instead. To disable deprecation, use _CRT_SECURE_NO_WARNINGS. See online help for details.
                 d:\tools\microsoft visual studio 10.0\vc\include\stdio.h(253) : 参见“fscanf”的声明
     1>c:\users\zacks\desktop\花旗杯\huaqirbf-liwei\rbf\rbf\rbf.cpp(380): warning C4996: 'fscanf': This function or variable may be unsafe. Consider using fscanf_s instead. To disable deprecation, use _CRT_SECURE_NO_WARNINGS. See online help for details.
                 d:\tools\microsoft visual studio 10.0\vc\include\stdio.h(253) : 参见“fscanf”的声明
     1>c:\users\zacks\desktop\花旗杯\huaqirbf-liwei\rbf\rbf\rbf.cpp(438): warning C4996: 'fopen': This function or variable may be unsafe. Consider using fopen_s instead. To disable deprecation, use _CRT_SECURE_NO_WARNINGS. See online help for details.
                 d:\tools\microsoft visual studio 10.0\vc\include\stdio.h(234) : 参见“fopen”的声明
     1>c:\users\zacks\desktop\花旗杯\huaqirbf-liwei\rbf\rbf\rbf.cpp(447): warning C4996: 'fscanf': This function or variable may be unsafe. Consider using fscanf_s instead. To disable deprecation, use _CRT_SECURE_NO_WARNINGS. See online help for details.
                 d:\tools\microsoft visual studio 10.0\vc\include\stdio.h(253) : 参见“fscanf”的声明
     1>c:\users\zacks\desktop\花旗杯\huaqirbf-liwei\rbf\rbf\rbf.cpp(449): warning C4996: 'fscanf': This function or variable may be unsafe. Consider using fscanf_s instead. To disable deprecation, use _CRT_SECURE_NO_WARNINGS. See online help for details.
                 d:\tools\microsoft visual studio 10.0\vc\include\stdio.h(253) : 参见“fscanf”的声明
     1>c:\users\zacks\desktop\花旗杯\huaqirbf-liwei\rbf\rbf\rbf.cpp(478): warning C4996: 'fopen': This function or variable may be unsafe. Consider using fopen_s instead. To disable deprecation, use _CRT_SECURE_NO_WARNINGS. See online help for details.
                 d:\tools\microsoft visual studio 10.0\vc\include\stdio.h(234) : 参见“fopen”的声明
     1>c:\users\zacks\desktop\花旗杯\huaqirbf-liwei\rbf\rbf\rbf.cpp(497): warning C4996: 'fopen': This function or variable may be unsafe. Consider using fopen_s instead. To disable deprecation, use _CRT_SECURE_NO_WARNINGS. See online help for details.
                 d:\tools\microsoft visual studio 10.0\vc\include\stdio.h(234) : 参见“fopen”的声明
     1>c:\users\zacks\desktop\花旗杯\huaqirbf-liwei\rbf\rbf\rbf.cpp(504): warning C4996: 'fopen': This function or variable may be unsafe. Consider using fopen_s instead. To disable deprecation, use _CRT_SECURE_NO_WARNINGS. See online help for details.
                 d:\tools\microsoft visual studio 10.0\vc\include\stdio.h(234) : 参见“fopen”的声明
     1>c:\users\zacks\desktop\花旗杯\huaqirbf-liwei\rbf\rbf\rbf.cpp(514): warning C4996: 'fscanf': This function or variable may be unsafe. Consider using fscanf_s instead. To disable deprecation, use _CRT_SECURE_NO_WARNINGS. See online help for details.
                 d:\tools\microsoft visual studio 10.0\vc\include\stdio.h(253) : 参见“fscanf”的声明
     1>c:\users\zacks\desktop\花旗杯\huaqirbf-liwei\rbf\rbf\rbf.cpp(516): warning C4996: 'fscanf': This function or variable may be unsafe. Consider using fscanf_s instead. To disable deprecation, use _CRT_SECURE_NO_WARNINGS. See online help for details.
                 d:\tools\microsoft visual studio 10.0\vc\include\stdio.h(253) : 参见“fscanf”的声明
       ManifestResourceCompile:
         C:\Program Files (x86)\Microsoft SDKs\Windows\v7.0A\bin\rc.exe /nologo /fo"Debug\rbf.exe.embed.manifest.res" Debug\rbf_manifest.rc 
       Link:
         D:\tools\Microsoft Visual Studio 10.0\VC\bin\link.exe /ERRORREPORT:PROMPT /OUT:"C:\Users\zacks\Desktop\花旗杯\huaqirbf-LiWei\rbf\Debug\rbf.exe" /INCREMENTAL /NOLOGO kernel32.lib user32.lib gdi32.lib winspool.lib comdlg32.lib advapi32.lib shell32.lib ole32.lib oleaut32.lib uuid.lib odbc32.lib odbccp32.lib /MANIFEST /ManifestFile:"Debug\rbf.exe.intermediate.manifest" /MANIFESTUAC:"level='asInvoker' uiAccess='false'" /DEBUG /PDB:"C:\Users\zacks\Desktop\花旗杯\huaqirbf-LiWei\rbf\Debug\rbf.pdb" /SUBSYSTEM:CONSOLE /TLBID:1 /DYNAMICBASE /NXCOMPAT /IMPLIB:"C:\Users\zacks\Desktop\花旗杯\huaqirbf-LiWei\rbf\Debug\rbf.lib" /MACHINE:X86 Debug\rbf.exe.embed.manifest.res
         Debug\rbf.obj
       Manifest:
         C:\Program Files (x86)\Microsoft SDKs\Windows\v7.0A\bin\mt.exe /nologo /verbose /out:"Debug\rbf.exe.embed.manifest" /manifest Debug\rbf.exe.intermediate.manifest
         C:\Program Files (x86)\Microsoft SDKs\Windows\v7.0A\bin\rc.exe /nologo /fo"Debug\rbf.exe.embed.manifest.res" Debug\rbf_manifest.rc 
       LinkEmbedManifest:
         D:\tools\Microsoft Visual Studio 10.0\VC\bin\link.exe /ERRORREPORT:PROMPT /OUT:"C:\Users\zacks\Desktop\花旗杯\huaqirbf-LiWei\rbf\Debug\rbf.exe" /INCREMENTAL /NOLOGO kernel32.lib user32.lib gdi32.lib winspool.lib comdlg32.lib advapi32.lib shell32.lib ole32.lib oleaut32.lib uuid.lib odbc32.lib odbccp32.lib /MANIFEST /ManifestFile:"Debug\rbf.exe.intermediate.manifest" /MANIFESTUAC:"level='asInvoker' uiAccess='false'" /DEBUG /PDB:"C:\Users\zacks\Desktop\花旗杯\huaqirbf-LiWei\rbf\Debug\rbf.pdb" /SUBSYSTEM:CONSOLE /TLBID:1 /DYNAMICBASE /NXCOMPAT /IMPLIB:"C:\Users\zacks\Desktop\花旗杯\huaqirbf-LiWei\rbf\Debug\rbf.lib" /MACHINE:X86 Debug\rbf.exe.embed.manifest.res
         Debug\rbf.obj
         rbf.vcxproj -> C:\Users\zacks\Desktop\花旗杯\huaqirbf-LiWei\rbf\Debug\rbf.exe
       FinalizeBuildStatus:
         正在删除文件“Debug\rbf.unsuccessfulbuild”。
         正在对“Debug\rbf.lastbuildstate”执行 Touch 任务。
     1>已完成生成项目“C:\Users\zacks\Desktop\花旗杯\huaqirbf-LiWei\rbf\rbf\rbf.vcxproj”(build 个目标)的操作。

生成成功。

已用时间 00:00:02.71
