生成启动时间为 2012/7/26 15:59:08。
     1>项目“C:\Users\fzn\documents\visual studio 2010\Projects\jintaoli\jintaoli\jintaoli.vcxproj”在节点 2 上(build 个目标)。
     1>InitializeBuildStatus:
         正在创建“Debug\jintaoli.unsuccessfulbuild”，因为已指定“AlwaysCreate”。
       ClCompile:
         C:\Program Files\Microsoft Visual Studio 10.0\VC\bin\CL.exe /c /ZI /nologo /W3 /WX- /Od /Oy- /D WIN32 /D _DEBUG /D _CONSOLE /D _UNICODE /D UNICODE /Gm /EHsc /RTC1 /MDd /GS /fp:precise /Zc:wchar_t /Zc:forScope /Fo"Debug\\" /Fd"Debug\vc100.pdb" /Gd /TP /analyze- /errorReport:prompt trade.cpp
         trade.cpp
       ManifestResourceCompile:
         所有输出均为最新。
       Link:
         C:\Program Files\Microsoft Visual Studio 10.0\VC\bin\link.exe /ERRORREPORT:PROMPT /OUT:"C:\Users\fzn\documents\visual studio 2010\Projects\jintaoli\Debug\jintaoli.exe" /INCREMENTAL /NOLOGO kernel32.lib user32.lib gdi32.lib winspool.lib comdlg32.lib advapi32.lib shell32.lib ole32.lib oleaut32.lib uuid.lib odbc32.lib odbccp32.lib /MANIFEST /ManifestFile:"Debug\jintaoli.exe.intermediate.manifest" /MANIFESTUAC:"level='asInvoker' uiAccess='false'" /DEBUG /PDB:"C:\Users\fzn\documents\visual studio 2010\Projects\jintaoli\Debug\jintaoli.pdb" /SUBSYSTEM:CONSOLE /TLBID:1 /DYNAMICBASE /NXCOMPAT /IMPLIB:"C:\Users\fzn\documents\visual studio 2010\Projects\jintaoli\Debug\jintaoli.lib" /MACHINE:X86 Debug\jintaoli.exe.embed.manifest.res
         Debug\main.obj
         Debug\nervenetwork.obj
         Debug\tool.obj
         Debug\trade.obj
         Debug\tradeinterface.obj
       Manifest:
         C:\Program Files\Microsoft SDKs\Windows\v7.0A\bin\mt.exe /nologo /verbose /out:"Debug\jintaoli.exe.embed.manifest" /manifest Debug\jintaoli.exe.intermediate.manifest
         所有输出均为最新。
       LinkEmbedManifest:
         所有输出均为最新。
         jintaoli.vcxproj -> C:\Users\fzn\documents\visual studio 2010\Projects\jintaoli\Debug\jintaoli.exe
       FinalizeBuildStatus:
         正在删除文件“Debug\jintaoli.unsuccessfulbuild”。
         正在对“Debug\jintaoli.lastbuildstate”执行 Touch 任务。
     1>已完成生成项目“C:\Users\fzn\documents\visual studio 2010\Projects\jintaoli\jintaoli\jintaoli.vcxproj”(build 个目标)的操作。

生成成功。

已用时间 00:00:01.53
