D:\MY DOCUMENTS\DOWNLOADS\_CTPAPI\_CTPAPI_行情开发实例\BIN\MARKETDATAUSERAPI.PDB
D:\MY DOCUMENTS\DOWNLOADS\_CTPAPI\_CTPAPI_行情开发实例\BIN\TESTMDUSERAPI.EXE
D:\MY DOCUMENTS\DOWNLOADS\_CTPAPI\_CTPAPI_行情开发实例\BIN\TESTMDUSERAPI.ILK
D:\My Documents\Downloads\_CTPapi\_CTPapi_行情开发实例\Debug\cl.command.1.tlog
D:\My Documents\Downloads\_CTPapi\_CTPapi_行情开发实例\Debug\CL.read.1.tlog
D:\My Documents\Downloads\_CTPapi\_CTPapi_行情开发实例\Debug\CL.write.1.tlog
D:\My Documents\Downloads\_CTPapi\_CTPapi_行情开发实例\Debug\link.1672.read.1.tlog
D:\My Documents\Downloads\_CTPapi\_CTPapi_行情开发实例\Debug\link.1672.write.1.tlog
D:\My Documents\Downloads\_CTPapi\_CTPapi_行情开发实例\Debug\link.1672-cvtres.read.1.tlog
D:\My Documents\Downloads\_CTPapi\_CTPapi_行情开发实例\Debug\link.1672-cvtres.write.1.tlog
D:\My Documents\Downloads\_CTPapi\_CTPapi_行情开发实例\Debug\link.command.1.tlog
D:\My Documents\Downloads\_CTPapi\_CTPapi_行情开发实例\Debug\link.read.1.tlog
D:\My Documents\Downloads\_CTPapi\_CTPapi_行情开发实例\Debug\link.write.1.tlog
D:\My Documents\Downloads\_CTPapi\_CTPapi_行情开发实例\Debug\link-cvtres.read.1.tlog
D:\My Documents\Downloads\_CTPapi\_CTPapi_行情开发实例\Debug\link-cvtres.write.1.tlog
D:\MY DOCUMENTS\DOWNLOADS\_CTPAPI\_CTPAPI_行情开发实例\DEBUG\MARKETDATA.OBJ
D:\MY DOCUMENTS\DOWNLOADS\_CTPAPI\_CTPAPI_行情开发实例\DEBUG\MARKETDATAUSERAPI.EXE.EMBED.MANIFEST
D:\MY DOCUMENTS\DOWNLOADS\_CTPAPI\_CTPAPI_行情开发实例\DEBUG\MARKETDATAUSERAPI.EXE.EMBED.MANIFEST.RES
D:\MY DOCUMENTS\DOWNLOADS\_CTPAPI\_CTPAPI_行情开发实例\DEBUG\MARKETDATAUSERAPI.EXE.INTERMEDIATE.MANIFEST
D:\MY DOCUMENTS\DOWNLOADS\_CTPAPI\_CTPAPI_行情开发实例\DEBUG\MARKETDATAUSERAPI.PCH
D:\My Documents\Downloads\_CTPapi\_CTPapi_行情开发实例\Debug\MarketDataUserApi_manifest.rc
D:\MY DOCUMENTS\DOWNLOADS\_CTPAPI\_CTPAPI_行情开发实例\DEBUG\MDSPI.OBJ
D:\My Documents\Downloads\_CTPapi\_CTPapi_行情开发实例\Debug\mt.command.1.tlog
D:\My Documents\Downloads\_CTPapi\_CTPapi_行情开发实例\Debug\mt.read.1.tlog
D:\My Documents\Downloads\_CTPapi\_CTPapi_行情开发实例\Debug\mt.write.1.tlog
D:\My Documents\Downloads\_CTPapi\_CTPapi_行情开发实例\Debug\rc.command.1.tlog
D:\My Documents\Downloads\_CTPapi\_CTPapi_行情开发实例\Debug\rc.read.1.tlog
D:\My Documents\Downloads\_CTPapi\_CTPapi_行情开发实例\Debug\rc.write.1.tlog
D:\MY DOCUMENTS\DOWNLOADS\_CTPAPI\_CTPAPI_行情开发实例\DEBUG\STDAFX.OBJ
D:\My Documents\Downloads\_CTPapi\_CTPapi_行情开发实例\Debug\vc100.idb
D:\MY DOCUMENTS\DOWNLOADS\_CTPAPI\_CTPAPI_行情开发实例\DEBUG\VC100.PDB
