E:\Coding\Visual Studio 2010\CTP\CTP\Debug\cl.command.1.tlog
E:\Coding\Visual Studio 2010\CTP\CTP\Debug\CL.read.1.tlog
E:\Coding\Visual Studio 2010\CTP\CTP\Debug\CL.write.1.tlog
E:\CODING\VISUAL STUDIO 2010\CTP\CTP\DEBUG\CTP.EXE.EMBED.MANIFEST
E:\CODING\VISUAL STUDIO 2010\CTP\CTP\DEBUG\CTP.EXE.EMBED.MANIFEST.RES
E:\CODING\VISUAL STUDIO 2010\CTP\CTP\DEBUG\CTP.EXE.INTERMEDIATE.MANIFEST
E:\CODING\VISUAL STUDIO 2010\CTP\CTP\DEBUG\CTP.OBJ
E:\CODING\VISUAL STUDIO 2010\CTP\CTP\DEBUG\CTP.PCH
E:\Coding\Visual Studio 2010\CTP\CTP\Debug\CTP_manifest.rc
E:\Coding\Visual Studio 2010\CTP\CTP\Debug\link.5200.read.1.tlog
E:\Coding\Visual Studio 2010\CTP\CTP\Debug\link.5200.write.1.tlog
E:\Coding\Visual Studio 2010\CTP\CTP\Debug\link.5200-cvtres.read.1.tlog
E:\Coding\Visual Studio 2010\CTP\CTP\Debug\link.5200-cvtres.write.1.tlog
E:\Coding\Visual Studio 2010\CTP\CTP\Debug\link.command.1.tlog
E:\Coding\Visual Studio 2010\CTP\CTP\Debug\link.read.1.tlog
E:\Coding\Visual Studio 2010\CTP\CTP\Debug\link.write.1.tlog
E:\Coding\Visual Studio 2010\CTP\CTP\Debug\link-cvtres.read.1.tlog
E:\Coding\Visual Studio 2010\CTP\CTP\Debug\link-cvtres.write.1.tlog
E:\CODING\VISUAL STUDIO 2010\CTP\CTP\DEBUG\MAKETRADERDECISION.OBJ
E:\CODING\VISUAL STUDIO 2010\CTP\CTP\DEBUG\MARKETDATA.OBJ
E:\CODING\VISUAL STUDIO 2010\CTP\CTP\DEBUG\MDSPI.OBJ
E:\Coding\Visual Studio 2010\CTP\CTP\Debug\mt.command.1.tlog
E:\Coding\Visual Studio 2010\CTP\CTP\Debug\mt.read.1.tlog
E:\Coding\Visual Studio 2010\CTP\CTP\Debug\mt.write.1.tlog
E:\Coding\Visual Studio 2010\CTP\CTP\Debug\rc.command.1.tlog
E:\Coding\Visual Studio 2010\CTP\CTP\Debug\rc.read.1.tlog
E:\Coding\Visual Studio 2010\CTP\CTP\Debug\rc.write.1.tlog
E:\CODING\VISUAL STUDIO 2010\CTP\CTP\DEBUG\STDAFX.OBJ
E:\CODING\VISUAL STUDIO 2010\CTP\CTP\DEBUG\TRADERSPI.OBJ
E:\Coding\Visual Studio 2010\CTP\CTP\Debug\vc100.idb
E:\CODING\VISUAL STUDIO 2010\CTP\CTP\DEBUG\VC100.PDB
E:\CODING\VISUAL STUDIO 2010\CTP\DEBUG\CTP.EXE
E:\CODING\VISUAL STUDIO 2010\CTP\DEBUG\CTP.ILK
E:\CODING\VISUAL STUDIO 2010\CTP\DEBUG\CTP.PDB
