生成启动时间为 2012-07-28 23:31:00。
     1>项目“E:\Coding\Visual Studio 2010\CTP\CTP\CTP.vcxproj”在节点 2 上(build 个目标)。
     1>InitializeBuildStatus:
         正在创建“Debug\CTP.unsuccessfulbuild”，因为已指定“AlwaysCreate”。
       ClCompile:
         所有输出均为最新。
         d:\Program Files\Microsoft Visual Studio 10.0\VC\bin\CL.exe /c /I.\ThostTraderApi /ZI /nologo /W3 /WX- /Od /Oy- /D WIN32 /D _DEBUG /D _CONSOLE /D _UNICODE /D UNICODE /Gm /EHsc /RTC1 /MDd /GS /fp:precise /Zc:wchar_t /Zc:forScope /Fo"Debug\\" /Fd"Debug\vc100.pdb" /Gd /TP /analyze- /errorReport:prompt CTP.cpp
         CTP.cpp
     1>e:\coding\visual studio 2010\ctp\ctp\ctp.cpp(57): warning C4101: “msg”: 未引用的局部变量
       ManifestResourceCompile:
         所有输出均为最新。
       Link:
         d:\Program Files\Microsoft Visual Studio 10.0\VC\bin\link.exe /ERRORREPORT:PROMPT /OUT:"E:\Coding\Visual Studio 2010\CTP\Debug\CTP.exe" /INCREMENTAL /NOLOGO kernel32.lib user32.lib gdi32.lib winspool.lib comdlg32.lib advapi32.lib shell32.lib ole32.lib oleaut32.lib uuid.lib odbc32.lib odbccp32.lib /MANIFEST /ManifestFile:"Debug\CTP.exe.intermediate.manifest" /MANIFESTUAC:"level='asInvoker' uiAccess='false'" /DEBUG /PDB:"E:\Coding\Visual Studio 2010\CTP\Debug\CTP.pdb" /SUBSYSTEM:CONSOLE /TLBID:1 /DYNAMICBASE /NXCOMPAT /IMPLIB:"E:\Coding\Visual Studio 2010\CTP\Debug\CTP.lib" /MACHINE:X86 Debug\CTP.exe.embed.manifest.res
         Debug\CTP.obj
         Debug\MakeTraderDecision.obj
         Debug\MarketData.obj
         Debug\MdSpi.obj
         Debug\stdafx.obj
         Debug\TraderSpi.obj
         ThostTraderApi\thostmduserapi.lib
         ThostTraderApi\thosttraderapi.lib
       Manifest:
         C:\Program Files\Microsoft SDKs\Windows\v7.0A\bin\mt.exe /nologo /verbose /out:"Debug\CTP.exe.embed.manifest" /manifest Debug\CTP.exe.intermediate.manifest
         所有输出均为最新。
       LinkEmbedManifest:
         所有输出均为最新。
         CTP.vcxproj -> E:\Coding\Visual Studio 2010\CTP\Debug\CTP.exe
       FinalizeBuildStatus:
         正在删除文件“Debug\CTP.unsuccessfulbuild”。
         正在对“Debug\CTP.lastbuildstate”执行 Touch 任务。
     1>已完成生成项目“E:\Coding\Visual Studio 2010\CTP\CTP\CTP.vcxproj”(build 个目标)的操作。

生成成功。

已用时间 00:00:01.92
