E:\C++\HUAQIFIR\DEBUG\HUAQIFIR.EXE
E:\C++\HUAQIFIR\DEBUG\HUAQIFIR.ILK
E:\C++\HUAQIFIR\DEBUG\HUAQIFIR.PDB
E:\c++\huaqifir\huaqifir\Debug\cl.command.1.tlog
E:\c++\huaqifir\huaqifir\Debug\CL.read.1.tlog
E:\c++\huaqifir\huaqifir\Debug\CL.write.1.tlog
E:\C++\HUAQIFIR\HUAQIFIR\DEBUG\HUAQI.OBJ
E:\C++\HUAQIFIR\HUAQIFIR\DEBUG\HUAQIFIR.EXE.EMBED.MANIFEST
E:\C++\HUAQIFIR\HUAQIFIR\DEBUG\HUAQIFIR.EXE.EMBED.MANIFEST.RES
E:\C++\HUAQIFIR\HUAQIFIR\DEBUG\HUAQIFIR.EXE.INTERMEDIATE.MANIFEST
E:\c++\huaqifir\huaqifir\Debug\huaqifir_manifest.rc
E:\c++\huaqifir\huaqifir\Debug\link.5096.read.1.tlog
E:\c++\huaqifir\huaqifir\Debug\link.5096.write.1.tlog
E:\c++\huaqifir\huaqifir\Debug\link.5096-cvtres.read.1.tlog
E:\c++\huaqifir\huaqifir\Debug\link.5096-cvtres.write.1.tlog
E:\c++\huaqifir\huaqifir\Debug\link.5420.read.1.tlog
E:\c++\huaqifir\huaqifir\Debug\link.5420.write.1.tlog
E:\c++\huaqifir\huaqifir\Debug\link.5420-cvtres.read.1.tlog
E:\c++\huaqifir\huaqifir\Debug\link.5420-cvtres.write.1.tlog
E:\c++\huaqifir\huaqifir\Debug\link.command.1.tlog
E:\c++\huaqifir\huaqifir\Debug\link.read.1.tlog
E:\c++\huaqifir\huaqifir\Debug\link.write.1.tlog
E:\c++\huaqifir\huaqifir\Debug\link-cvtres.read.1.tlog
E:\c++\huaqifir\huaqifir\Debug\link-cvtres.write.1.tlog
E:\c++\huaqifir\huaqifir\Debug\mt.command.1.tlog
E:\c++\huaqifir\huaqifir\Debug\mt.read.1.tlog
E:\c++\huaqifir\huaqifir\Debug\mt.write.1.tlog
E:\c++\huaqifir\huaqifir\Debug\rc.command.1.tlog
E:\c++\huaqifir\huaqifir\Debug\rc.read.1.tlog
E:\c++\huaqifir\huaqifir\Debug\rc.write.1.tlog
E:\c++\huaqifir\huaqifir\Debug\vc100.idb
E:\C++\HUAQIFIR\HUAQIFIR\DEBUG\VC100.PDB
